<?xml version="1.0" encoding="UTF-8"?>
<!-- Generated by org.testng.reporters.JUnitReportReporter -->
<testsuite skipped="0" hostname="LAPTOP-VQ71OE6S" name="org.slk.test.AddAdminUser" tests="1" failures="0" timestamp="2020-09-19T14:13:08 EDT" time="39.119" errors="0">
  <testcase name="addNewAdminUser" time="39.119" classname="org.slk.test.AddAdminUser"/>
  <system-out/>
</testsuite> <!-- org.slk.test.AddAdminUser -->
