<?xml version="1.0" encoding="UTF-8"?>
<!-- Generated by org.testng.reporters.JUnitReportReporter -->
<testsuite skipped="0" hostname="LAPTOP-VQ71OE6S" name="org.slk.test.SearchPatientNameTest" tests="2" failures="0" timestamp="2020-10-15T18:50:01 EDT" time="57.441" errors="0">
  <testcase name="searchPatientName" time="30.137" classname="org.slk.test.SearchPatientNameTest"/>
  <system-out/>
  <testcase name="searchPatientName" time="27.304" classname="org.slk.test.SearchPatientNameTest"/>
  <system-out/>
</testsuite> <!-- org.slk.test.SearchPatientNameTest -->
