<?xml version="1.0" encoding="UTF-8"?>
<!-- Generated by org.testng.reporters.JUnitReportReporter -->
<testsuite skipped="0" hostname="LAPTOP-VQ71OE6S" name="org.slk.test.LoginTest" tests="5" failures="0" timestamp="2020-09-10T17:21:00 EDT" time="51.239" errors="0">
  <testcase name="validCredintailsTest" time="11.645" classname="org.slk.test.LoginTest"/>
  <system-out/>
  <testcase name="validCredintailsTest" time="9.674" classname="org.slk.test.LoginTest"/>
  <system-out/>
  <testcase name="validCredintailsTest" time="9.631" classname="org.slk.test.LoginTest"/>
  <system-out/>
  <testcase name="validCredintailsTest" time="9.641" classname="org.slk.test.LoginTest"/>
  <system-out/>
  <testcase name="validCredintailsTest" time="10.648" classname="org.slk.test.LoginTest"/>
  <system-out/>
</testsuite> <!-- org.slk.test.LoginTest -->
