<?xml version="1.0" encoding="UTF-8"?>
<!-- Generated by org.testng.reporters.JUnitReportReporter -->
<testsuite skipped="0" hostname="LAPTOP-VQ71OE6S" name="org.slk.test.SearchPatientNameTest" tests="4" failures="0" timestamp="2020-10-24T23:23:43 EDT" time="111.156" errors="0">
  <testcase name="searchPatientName" time="28.543" classname="org.slk.test.SearchPatientNameTest"/>
  <system-out/>
  <testcase name="searchPatientName" time="27.416" classname="org.slk.test.SearchPatientNameTest"/>
  <system-out/>
  <testcase name="searchPatientName" time="28.046" classname="org.slk.test.SearchPatientNameTest"/>
  <system-out/>
  <testcase name="searchPatientName" time="27.151" classname="org.slk.test.SearchPatientNameTest"/>
  <system-out/>
</testsuite> <!-- org.slk.test.SearchPatientNameTest -->
