<?xml version="1.0" encoding="UTF-8"?>
<!-- Generated by org.testng.reporters.JUnitReportReporter -->
<testsuite skipped="0" hostname="LAPTOP-VQ71OE6S" name="org.slk.test.LoginTest" tests="45" failures="0" timestamp="2020-09-24T16:00:01 EDT" time="383.759" errors="0">
  <testcase name="validCredintailsTest1" time="9.716" classname="org.slk.test.LoginTest"/>
  <system-out/>
  <testcase name="validCredintailsTest1" time="10.066" classname="org.slk.test.LoginTest"/>
  <system-out/>
  <testcase name="validCredintailsTest1" time="11.559" classname="org.slk.test.LoginTest"/>
  <system-out/>
  <testcase name="validCredintailsTest1" time="9.803" classname="org.slk.test.LoginTest"/>
  <system-out/>
  <testcase name="validCredintailsTest1" time="9.211" classname="org.slk.test.LoginTest"/>
  <system-out/>
  <testcase name="validCredintailsTest1" time="6.926" classname="org.slk.test.LoginTest"/>
  <system-out/>
  <testcase name="validCredintailsTest1" time="8.887" classname="org.slk.test.LoginTest"/>
  <system-out/>
  <testcase name="validCredintailsTest1" time="9.958" classname="org.slk.test.LoginTest"/>
  <system-out/>
  <testcase name="validCredintailsTest1" time="6.371" classname="org.slk.test.LoginTest"/>
  <system-out/>
  <testcase name="validCredintailsTest1" time="8.930" classname="org.slk.test.LoginTest"/>
  <system-out/>
  <testcase name="validCredintailsTest1" time="6.676" classname="org.slk.test.LoginTest"/>
  <system-out/>
  <testcase name="validCredintailsTest1" time="10.622" classname="org.slk.test.LoginTest"/>
  <system-out/>
  <testcase name="validCredintailsTest1" time="9.791" classname="org.slk.test.LoginTest"/>
  <system-out/>
  <testcase name="validCredintailsTest1" time="6.583" classname="org.slk.test.LoginTest"/>
  <system-out/>
  <testcase name="validCredintailsTest1" time="6.456" classname="org.slk.test.LoginTest"/>
  <system-out/>
  <testcase name="invalidCredintailsTest" time="7.469" classname="org.slk.test.LoginTest"/>
  <system-out/>
  <testcase name="invalidCredintailsTest" time="8.577" classname="org.slk.test.LoginTest"/>
  <system-out/>
  <testcase name="invalidCredintailsTest" time="6.452" classname="org.slk.test.LoginTest"/>
  <system-out/>
  <testcase name="invalidCredintailsTest" time="6.832" classname="org.slk.test.LoginTest"/>
  <system-out/>
  <testcase name="invalidCredintailsTest" time="7.828" classname="org.slk.test.LoginTest"/>
  <system-out/>
  <testcase name="invalidCredintailsTest" time="8.503" classname="org.slk.test.LoginTest"/>
  <system-out/>
  <testcase name="invalidCredintailsTest" time="6.481" classname="org.slk.test.LoginTest"/>
  <system-out/>
  <testcase name="invalidCredintailsTest" time="7.608" classname="org.slk.test.LoginTest"/>
  <system-out/>
  <testcase name="invalidCredintailsTest" time="8.154" classname="org.slk.test.LoginTest"/>
  <system-out/>
  <testcase name="invalidCredintailsTest" time="8.558" classname="org.slk.test.LoginTest"/>
  <system-out/>
  <testcase name="invalidCredintailsTest" time="6.709" classname="org.slk.test.LoginTest"/>
  <system-out/>
  <testcase name="invalidCredintailsTest" time="8.622" classname="org.slk.test.LoginTest"/>
  <system-out/>
  <testcase name="invalidCredintailsTest" time="8.040" classname="org.slk.test.LoginTest"/>
  <system-out/>
  <testcase name="invalidCredintailsTest" time="15.050" classname="org.slk.test.LoginTest"/>
  <system-out/>
  <testcase name="invalidCredintailsTest" time="9.440" classname="org.slk.test.LoginTest"/>
  <system-out/>
  <testcase name="validCredintailsTest" time="6.701" classname="org.slk.test.LoginTest"/>
  <system-out/>
  <testcase name="validCredintailsTest" time="8.506" classname="org.slk.test.LoginTest"/>
  <system-out/>
  <testcase name="validCredintailsTest" time="6.715" classname="org.slk.test.LoginTest"/>
  <system-out/>
  <testcase name="validCredintailsTest" time="6.352" classname="org.slk.test.LoginTest"/>
  <system-out/>
  <testcase name="validCredintailsTest" time="10.155" classname="org.slk.test.LoginTest"/>
  <system-out/>
  <testcase name="validCredintailsTest" time="8.852" classname="org.slk.test.LoginTest"/>
  <system-out/>
  <testcase name="validCredintailsTest" time="8.929" classname="org.slk.test.LoginTest"/>
  <system-out/>
  <testcase name="validCredintailsTest" time="9.840" classname="org.slk.test.LoginTest"/>
  <system-out/>
  <testcase name="validCredintailsTest" time="8.996" classname="org.slk.test.LoginTest"/>
  <system-out/>
  <testcase name="validCredintailsTest" time="10.154" classname="org.slk.test.LoginTest"/>
  <system-out/>
  <testcase name="validCredintailsTest" time="6.892" classname="org.slk.test.LoginTest"/>
  <system-out/>
  <testcase name="validCredintailsTest" time="6.785" classname="org.slk.test.LoginTest"/>
  <system-out/>
  <testcase name="validCredintailsTest" time="9.063" classname="org.slk.test.LoginTest"/>
  <system-out/>
  <testcase name="validCredintailsTest" time="9.769" classname="org.slk.test.LoginTest"/>
  <system-out/>
  <testcase name="validCredintailsTest" time="10.172" classname="org.slk.test.LoginTest"/>
  <system-out/>
</testsuite> <!-- org.slk.test.LoginTest -->
