<?xml version="1.0" encoding="UTF-8"?>
<!-- Generated by org.testng.reporters.JUnitReportReporter -->
<testsuite skipped="45" hostname="LAPTOP-VQ71OE6S" name="org.slk.test.LoginTest" tests="48" failures="0" timestamp="2020-09-24T20:27:11 EDT" time="-4802980864.000" errors="3">
  <testcase name="setUp" time="-1600993664.000" classname="org.slk.test.LoginTest">
    <error type="org.testng.TestNGException" message="
Method setUp requires 2 parameters but 1 were supplied in the BeforeMethod annotation.">
      <![CDATA[org.testng.TestNGException: 
Method setUp requires 2 parameters but 1 were supplied in the BeforeMethod annotation.
at org.testng.internal.Parameters.checkParameterTypes(Parameters.java:445)
at org.testng.internal.Parameters.createParametersForMethod(Parameters.java:351)
at org.testng.internal.Parameters.createParameters(Parameters.java:700)
at org.testng.internal.Parameters.createConfigurationParameters(Parameters.java:166)
at org.testng.internal.ConfigInvoker.invokeConfigurations(ConfigInvoker.java:301)
at org.testng.internal.TestInvoker.runConfigMethods(TestInvoker.java:701)
at org.testng.internal.TestInvoker.invokeMethod(TestInvoker.java:527)
at org.testng.internal.TestInvoker.invokeTestMethod(TestInvoker.java:174)
at org.testng.internal.MethodRunner.runInSequence(MethodRunner.java:46)
at org.testng.internal.TestInvoker$MethodInvocationAgent.invoke(TestInvoker.java:822)
at org.testng.internal.TestInvoker.invokeTestMethods(TestInvoker.java:147)
at org.testng.internal.TestMethodWorker.invokeTestMethods(TestMethodWorker.java:146)
at org.testng.internal.TestMethodWorker.run(TestMethodWorker.java:128)
at java.util.ArrayList.forEach(ArrayList.java:1259)
at org.testng.TestRunner.privateRun(TestRunner.java:764)
at org.testng.TestRunner.run(TestRunner.java:585)
at org.testng.SuiteRunner.runTest(SuiteRunner.java:384)
at org.testng.SuiteRunner.runSequentially(SuiteRunner.java:378)
at org.testng.SuiteRunner.privateRun(SuiteRunner.java:337)
at org.testng.SuiteRunner.run(SuiteRunner.java:286)
at org.testng.SuiteRunnerWorker.runSuite(SuiteRunnerWorker.java:53)
at org.testng.SuiteRunnerWorker.run(SuiteRunnerWorker.java:96)
at org.testng.TestNG.runSuitesSequentially(TestNG.java:1218)
at org.testng.TestNG.runSuitesLocally(TestNG.java:1140)
at org.testng.TestNG.runSuites(TestNG.java:1069)
at org.testng.TestNG.run(TestNG.java:1037)
at org.testng.remote.AbstractRemoteTestNG.run(AbstractRemoteTestNG.java:115)
at org.testng.remote.RemoteTestNG.initAndRun(RemoteTestNG.java:251)
at org.testng.remote.RemoteTestNG.main(RemoteTestNG.java:77)
]]>
    </error>
  </testcase> <!-- setUp -->
  <system-out/>
  <testcase name="setUp" time="-1600993664.000" classname="org.slk.test.LoginTest">
    <error type="org.testng.TestNGException" message="
Method setUp requires 2 parameters but 1 were supplied in the BeforeMethod annotation.">
      <![CDATA[org.testng.TestNGException: 
Method setUp requires 2 parameters but 1 were supplied in the BeforeMethod annotation.
at org.testng.internal.Parameters.checkParameterTypes(Parameters.java:445)
at org.testng.internal.Parameters.createParametersForMethod(Parameters.java:351)
at org.testng.internal.Parameters.createParameters(Parameters.java:700)
at org.testng.internal.Parameters.createConfigurationParameters(Parameters.java:166)
at org.testng.internal.ConfigInvoker.invokeConfigurations(ConfigInvoker.java:301)
at org.testng.internal.TestInvoker.runConfigMethods(TestInvoker.java:701)
at org.testng.internal.TestInvoker.invokeMethod(TestInvoker.java:527)
at org.testng.internal.TestInvoker.invokeTestMethod(TestInvoker.java:174)
at org.testng.internal.MethodRunner.runInSequence(MethodRunner.java:46)
at org.testng.internal.TestInvoker$MethodInvocationAgent.invoke(TestInvoker.java:822)
at org.testng.internal.TestInvoker.invokeTestMethods(TestInvoker.java:147)
at org.testng.internal.TestMethodWorker.invokeTestMethods(TestMethodWorker.java:146)
at org.testng.internal.TestMethodWorker.run(TestMethodWorker.java:128)
at java.util.ArrayList.forEach(ArrayList.java:1259)
at org.testng.TestRunner.privateRun(TestRunner.java:764)
at org.testng.TestRunner.run(TestRunner.java:585)
at org.testng.SuiteRunner.runTest(SuiteRunner.java:384)
at org.testng.SuiteRunner.runSequentially(SuiteRunner.java:378)
at org.testng.SuiteRunner.privateRun(SuiteRunner.java:337)
at org.testng.SuiteRunner.run(SuiteRunner.java:286)
at org.testng.SuiteRunnerWorker.runSuite(SuiteRunnerWorker.java:53)
at org.testng.SuiteRunnerWorker.run(SuiteRunnerWorker.java:96)
at org.testng.TestNG.runSuitesSequentially(TestNG.java:1218)
at org.testng.TestNG.runSuitesLocally(TestNG.java:1140)
at org.testng.TestNG.runSuites(TestNG.java:1069)
at org.testng.TestNG.run(TestNG.java:1037)
at org.testng.remote.AbstractRemoteTestNG.run(AbstractRemoteTestNG.java:115)
at org.testng.remote.RemoteTestNG.initAndRun(RemoteTestNG.java:251)
at org.testng.remote.RemoteTestNG.main(RemoteTestNG.java:77)
]]>
    </error>
  </testcase> <!-- setUp -->
  <system-out/>
  <testcase name="setUp" time="-1600993664.000" classname="org.slk.test.LoginTest">
    <error type="org.testng.TestNGException" message="
Method setUp requires 2 parameters but 1 were supplied in the BeforeMethod annotation.">
      <![CDATA[org.testng.TestNGException: 
Method setUp requires 2 parameters but 1 were supplied in the BeforeMethod annotation.
at org.testng.internal.Parameters.checkParameterTypes(Parameters.java:445)
at org.testng.internal.Parameters.createParametersForMethod(Parameters.java:351)
at org.testng.internal.Parameters.createParameters(Parameters.java:700)
at org.testng.internal.Parameters.createConfigurationParameters(Parameters.java:166)
at org.testng.internal.ConfigInvoker.invokeConfigurations(ConfigInvoker.java:301)
at org.testng.internal.TestInvoker.runConfigMethods(TestInvoker.java:701)
at org.testng.internal.TestInvoker.invokeMethod(TestInvoker.java:527)
at org.testng.internal.TestInvoker.invokeTestMethod(TestInvoker.java:174)
at org.testng.internal.MethodRunner.runInSequence(MethodRunner.java:46)
at org.testng.internal.TestInvoker$MethodInvocationAgent.invoke(TestInvoker.java:822)
at org.testng.internal.TestInvoker.invokeTestMethods(TestInvoker.java:147)
at org.testng.internal.TestMethodWorker.invokeTestMethods(TestMethodWorker.java:146)
at org.testng.internal.TestMethodWorker.run(TestMethodWorker.java:128)
at java.util.ArrayList.forEach(ArrayList.java:1259)
at org.testng.TestRunner.privateRun(TestRunner.java:764)
at org.testng.TestRunner.run(TestRunner.java:585)
at org.testng.SuiteRunner.runTest(SuiteRunner.java:384)
at org.testng.SuiteRunner.runSequentially(SuiteRunner.java:378)
at org.testng.SuiteRunner.privateRun(SuiteRunner.java:337)
at org.testng.SuiteRunner.run(SuiteRunner.java:286)
at org.testng.SuiteRunnerWorker.runSuite(SuiteRunnerWorker.java:53)
at org.testng.SuiteRunnerWorker.run(SuiteRunnerWorker.java:96)
at org.testng.TestNG.runSuitesSequentially(TestNG.java:1218)
at org.testng.TestNG.runSuitesLocally(TestNG.java:1140)
at org.testng.TestNG.runSuites(TestNG.java:1069)
at org.testng.TestNG.run(TestNG.java:1037)
at org.testng.remote.AbstractRemoteTestNG.run(AbstractRemoteTestNG.java:115)
at org.testng.remote.RemoteTestNG.initAndRun(RemoteTestNG.java:251)
at org.testng.remote.RemoteTestNG.main(RemoteTestNG.java:77)
]]>
    </error>
  </testcase> <!-- setUp -->
  <system-out/>
  <testcase name="validCredintailsTest1" time="0.000" classname="org.slk.test.LoginTest">
    <skipped/>
  </testcase> <!-- validCredintailsTest1 -->
  <system-out/>
  <testcase name="validCredintailsTest1" time="0.001" classname="org.slk.test.LoginTest">
    <skipped/>
  </testcase> <!-- validCredintailsTest1 -->
  <system-out/>
  <testcase name="validCredintailsTest1" time="0.000" classname="org.slk.test.LoginTest">
    <skipped/>
  </testcase> <!-- validCredintailsTest1 -->
  <system-out/>
  <testcase name="validCredintailsTest1" time="0.000" classname="org.slk.test.LoginTest">
    <skipped/>
  </testcase> <!-- validCredintailsTest1 -->
  <system-out/>
  <testcase name="validCredintailsTest1" time="0.000" classname="org.slk.test.LoginTest">
    <skipped/>
  </testcase> <!-- validCredintailsTest1 -->
  <system-out/>
  <testcase name="validCredintailsTest1" time="0.000" classname="org.slk.test.LoginTest">
    <skipped/>
  </testcase> <!-- validCredintailsTest1 -->
  <system-out/>
  <testcase name="validCredintailsTest1" time="0.000" classname="org.slk.test.LoginTest">
    <skipped/>
  </testcase> <!-- validCredintailsTest1 -->
  <system-out/>
  <testcase name="validCredintailsTest1" time="0.000" classname="org.slk.test.LoginTest">
    <skipped/>
  </testcase> <!-- validCredintailsTest1 -->
  <system-out/>
  <testcase name="validCredintailsTest1" time="0.000" classname="org.slk.test.LoginTest">
    <skipped/>
  </testcase> <!-- validCredintailsTest1 -->
  <system-out/>
  <testcase name="validCredintailsTest1" time="0.000" classname="org.slk.test.LoginTest">
    <skipped/>
  </testcase> <!-- validCredintailsTest1 -->
  <system-out/>
  <testcase name="validCredintailsTest1" time="0.000" classname="org.slk.test.LoginTest">
    <skipped/>
  </testcase> <!-- validCredintailsTest1 -->
  <system-out/>
  <testcase name="validCredintailsTest1" time="0.000" classname="org.slk.test.LoginTest">
    <skipped/>
  </testcase> <!-- validCredintailsTest1 -->
  <system-out/>
  <testcase name="validCredintailsTest1" time="0.000" classname="org.slk.test.LoginTest">
    <skipped/>
  </testcase> <!-- validCredintailsTest1 -->
  <system-out/>
  <testcase name="validCredintailsTest1" time="0.000" classname="org.slk.test.LoginTest">
    <skipped/>
  </testcase> <!-- validCredintailsTest1 -->
  <system-out/>
  <testcase name="validCredintailsTest1" time="0.000" classname="org.slk.test.LoginTest">
    <skipped/>
  </testcase> <!-- validCredintailsTest1 -->
  <system-out/>
  <testcase name="invalidCredintailsTest" time="0.000" classname="org.slk.test.LoginTest">
    <skipped/>
  </testcase> <!-- invalidCredintailsTest -->
  <system-out/>
  <testcase name="invalidCredintailsTest" time="0.000" classname="org.slk.test.LoginTest">
    <skipped/>
  </testcase> <!-- invalidCredintailsTest -->
  <system-out/>
  <testcase name="invalidCredintailsTest" time="0.000" classname="org.slk.test.LoginTest">
    <skipped/>
  </testcase> <!-- invalidCredintailsTest -->
  <system-out/>
  <testcase name="invalidCredintailsTest" time="0.000" classname="org.slk.test.LoginTest">
    <skipped/>
  </testcase> <!-- invalidCredintailsTest -->
  <system-out/>
  <testcase name="invalidCredintailsTest" time="0.000" classname="org.slk.test.LoginTest">
    <skipped/>
  </testcase> <!-- invalidCredintailsTest -->
  <system-out/>
  <testcase name="invalidCredintailsTest" time="0.000" classname="org.slk.test.LoginTest">
    <skipped/>
  </testcase> <!-- invalidCredintailsTest -->
  <system-out/>
  <testcase name="invalidCredintailsTest" time="0.000" classname="org.slk.test.LoginTest">
    <skipped/>
  </testcase> <!-- invalidCredintailsTest -->
  <system-out/>
  <testcase name="invalidCredintailsTest" time="0.000" classname="org.slk.test.LoginTest">
    <skipped/>
  </testcase> <!-- invalidCredintailsTest -->
  <system-out/>
  <testcase name="invalidCredintailsTest" time="0.000" classname="org.slk.test.LoginTest">
    <skipped/>
  </testcase> <!-- invalidCredintailsTest -->
  <system-out/>
  <testcase name="invalidCredintailsTest" time="0.000" classname="org.slk.test.LoginTest">
    <skipped/>
  </testcase> <!-- invalidCredintailsTest -->
  <system-out/>
  <testcase name="invalidCredintailsTest" time="0.000" classname="org.slk.test.LoginTest">
    <skipped/>
  </testcase> <!-- invalidCredintailsTest -->
  <system-out/>
  <testcase name="invalidCredintailsTest" time="0.000" classname="org.slk.test.LoginTest">
    <skipped/>
  </testcase> <!-- invalidCredintailsTest -->
  <system-out/>
  <testcase name="invalidCredintailsTest" time="0.000" classname="org.slk.test.LoginTest">
    <skipped/>
  </testcase> <!-- invalidCredintailsTest -->
  <system-out/>
  <testcase name="invalidCredintailsTest" time="0.000" classname="org.slk.test.LoginTest">
    <skipped/>
  </testcase> <!-- invalidCredintailsTest -->
  <system-out/>
  <testcase name="invalidCredintailsTest" time="0.000" classname="org.slk.test.LoginTest">
    <skipped/>
  </testcase> <!-- invalidCredintailsTest -->
  <system-out/>
  <testcase name="validCredintailsTest" time="0.000" classname="org.slk.test.LoginTest">
    <skipped/>
  </testcase> <!-- validCredintailsTest -->
  <system-out/>
  <testcase name="validCredintailsTest" time="0.000" classname="org.slk.test.LoginTest">
    <skipped/>
  </testcase> <!-- validCredintailsTest -->
  <system-out/>
  <testcase name="validCredintailsTest" time="0.000" classname="org.slk.test.LoginTest">
    <skipped/>
  </testcase> <!-- validCredintailsTest -->
  <system-out/>
  <testcase name="validCredintailsTest" time="0.000" classname="org.slk.test.LoginTest">
    <skipped/>
  </testcase> <!-- validCredintailsTest -->
  <system-out/>
  <testcase name="validCredintailsTest" time="0.000" classname="org.slk.test.LoginTest">
    <skipped/>
  </testcase> <!-- validCredintailsTest -->
  <system-out/>
  <testcase name="validCredintailsTest" time="0.000" classname="org.slk.test.LoginTest">
    <skipped/>
  </testcase> <!-- validCredintailsTest -->
  <system-out/>
  <testcase name="validCredintailsTest" time="0.000" classname="org.slk.test.LoginTest">
    <skipped/>
  </testcase> <!-- validCredintailsTest -->
  <system-out/>
  <testcase name="validCredintailsTest" time="0.000" classname="org.slk.test.LoginTest">
    <skipped/>
  </testcase> <!-- validCredintailsTest -->
  <system-out/>
  <testcase name="validCredintailsTest" time="0.000" classname="org.slk.test.LoginTest">
    <skipped/>
  </testcase> <!-- validCredintailsTest -->
  <system-out/>
  <testcase name="validCredintailsTest" time="0.000" classname="org.slk.test.LoginTest">
    <skipped/>
  </testcase> <!-- validCredintailsTest -->
  <system-out/>
  <testcase name="validCredintailsTest" time="0.000" classname="org.slk.test.LoginTest">
    <skipped/>
  </testcase> <!-- validCredintailsTest -->
  <system-out/>
  <testcase name="validCredintailsTest" time="0.000" classname="org.slk.test.LoginTest">
    <skipped/>
  </testcase> <!-- validCredintailsTest -->
  <system-out/>
  <testcase name="validCredintailsTest" time="0.000" classname="org.slk.test.LoginTest">
    <skipped/>
  </testcase> <!-- validCredintailsTest -->
  <system-out/>
  <testcase name="validCredintailsTest" time="0.000" classname="org.slk.test.LoginTest">
    <skipped/>
  </testcase> <!-- validCredintailsTest -->
  <system-out/>
  <testcase name="validCredintailsTest" time="0.000" classname="org.slk.test.LoginTest">
    <skipped/>
  </testcase> <!-- validCredintailsTest -->
  <system-out/>
</testsuite> <!-- org.slk.test.LoginTest -->
