<?xml version="1.0" encoding="UTF-8"?>
<!-- Generated by org.testng.reporters.JUnitReportReporter -->
<testsuite skipped="0" hostname="LAPTOP-VQ71OE6S" name="org.slk.test.SearchPatientNameTest" tests="4" failures="0" timestamp="2020-10-24T13:58:15 EDT" time="110.097" errors="0">
  <testcase name="searchPatientName" time="27.546" classname="org.slk.test.SearchPatientNameTest"/>
  <system-out/>
  <testcase name="searchPatientName" time="26.819" classname="org.slk.test.SearchPatientNameTest"/>
  <system-out/>
  <testcase name="searchPatientName" time="27.291" classname="org.slk.test.SearchPatientNameTest"/>
  <system-out/>
  <testcase name="searchPatientName" time="28.441" classname="org.slk.test.SearchPatientNameTest"/>
  <system-out/>
</testsuite> <!-- org.slk.test.SearchPatientNameTest -->
