<?xml version="1.0" encoding="UTF-8"?>
<!-- Generated by org.testng.reporters.JUnitReportReporter -->
<testsuite skipped="0" hostname="LAPTOP-VQ71OE6S" name="org.slk.test.SearchPatientNameTest" tests="4" failures="0" timestamp="2020-10-25T11:51:47 EDT" time="106.132" errors="0">
  <testcase name="searchPatientName" time="26.307" classname="org.slk.test.SearchPatientNameTest"/>
  <system-out/>
  <testcase name="searchPatientName" time="27.419" classname="org.slk.test.SearchPatientNameTest"/>
  <system-out/>
  <testcase name="searchPatientName" time="26.001" classname="org.slk.test.SearchPatientNameTest"/>
  <system-out/>
  <testcase name="searchPatientName" time="26.405" classname="org.slk.test.SearchPatientNameTest"/>
  <system-out/>
</testsuite> <!-- org.slk.test.SearchPatientNameTest -->
