<?xml version="1.0" encoding="UTF-8"?>
<!-- Generated by org.testng.reporters.JUnitReportReporter -->
<testsuite skipped="1" hostname="LAPTOP-VQ71OE6S" name="org.slk.test.AddPatientNameTest" tests="1" failures="0" timestamp="2020-09-10T17:09:37 EDT" time="0.000" errors="0">
  <testcase name="patientRegName" time="0.000" classname="org.slk.test.AddPatientNameTest">
    <skipped/>
  </testcase> <!-- patientRegName -->
  <system-out/>
</testsuite> <!-- org.slk.test.AddPatientNameTest -->
