<?xml version="1.0" encoding="UTF-8"?>
<!-- Generated by org.testng.reporters.JUnitReportReporter -->
<testsuite skipped="0" hostname="LAPTOP-VQ71OE6S" name="org.slk.test.AddPatientNameTest" tests="5" failures="0" timestamp="2020-09-10T18:04:25 EDT" time="176.371" errors="0">
  <testcase name="patientRegName" time="33.417" classname="org.slk.test.AddPatientNameTest"/>
  <system-out/>
  <testcase name="patientRegName" time="34.827" classname="org.slk.test.AddPatientNameTest"/>
  <system-out/>
  <testcase name="patientRegName" time="35.270" classname="org.slk.test.AddPatientNameTest"/>
  <system-out/>
  <testcase name="patientRegName" time="35.208" classname="org.slk.test.AddPatientNameTest"/>
  <system-out/>
  <testcase name="patientRegName" time="37.649" classname="org.slk.test.AddPatientNameTest"/>
  <system-out/>
</testsuite> <!-- org.slk.test.AddPatientNameTest -->
