<?xml version="1.0" encoding="UTF-8"?>
<!-- Generated by org.testng.reporters.JUnitReportReporter -->
<testsuite skipped="0" hostname="LAPTOP-VQ71OE6S" name="org.slk.test.LoginTest" tests="15" failures="0" timestamp="2020-09-10T18:04:25 EDT" time="145.104" errors="0">
  <testcase name="validCredintailsTest1" time="9.904" classname="org.slk.test.LoginTest"/>
  <system-out/>
  <testcase name="validCredintailsTest1" time="10.026" classname="org.slk.test.LoginTest"/>
  <system-out/>
  <testcase name="validCredintailsTest1" time="10.143" classname="org.slk.test.LoginTest"/>
  <system-out/>
  <testcase name="validCredintailsTest1" time="10.049" classname="org.slk.test.LoginTest"/>
  <system-out/>
  <testcase name="validCredintailsTest1" time="10.121" classname="org.slk.test.LoginTest"/>
  <system-out/>
  <testcase name="invalidCredintailsTest" time="8.734" classname="org.slk.test.LoginTest"/>
  <system-out/>
  <testcase name="invalidCredintailsTest" time="8.736" classname="org.slk.test.LoginTest"/>
  <system-out/>
  <testcase name="invalidCredintailsTest" time="8.839" classname="org.slk.test.LoginTest"/>
  <system-out/>
  <testcase name="invalidCredintailsTest" time="8.775" classname="org.slk.test.LoginTest"/>
  <system-out/>
  <testcase name="invalidCredintailsTest" time="8.623" classname="org.slk.test.LoginTest"/>
  <system-out/>
  <testcase name="validCredintailsTest" time="10.435" classname="org.slk.test.LoginTest"/>
  <system-out/>
  <testcase name="validCredintailsTest" time="10.328" classname="org.slk.test.LoginTest"/>
  <system-out/>
  <testcase name="validCredintailsTest" time="10.045" classname="org.slk.test.LoginTest"/>
  <system-out/>
  <testcase name="validCredintailsTest" time="10.242" classname="org.slk.test.LoginTest"/>
  <system-out/>
  <testcase name="validCredintailsTest" time="10.104" classname="org.slk.test.LoginTest"/>
  <system-out/>
</testsuite> <!-- org.slk.test.LoginTest -->
